2018-10-19T11:19:55+00:00 DEBUG mollie_wc_gateway_ideal: Start process_payment for order 1771
2018-10-19T11:19:55+00:00 DEBUG mollie_wc_gateway_ideal: Order 1771 webhookUrl: https://wattcycling.nl/amersfoort/wc-api/mollie_wc_gateway_ideal/?order_id=1771&key=wc_order_5bc9a1bb89218
2018-10-19T11:19:55+00:00 DEBUG mollie_wc_gateway_ideal: Create payment for order 1771
2018-10-19T11:19:56+00:00 DEBUG mollie_wc_gateway_ideal: Payment tr_KFJHAMENw6 (live) created for order 1771
2018-10-19T11:19:56+00:00 DEBUG For order 1771 redirect user to Mollie Checkout URL: https://www.abnamro.nl/nl/ideal-betalen/index.html?randomizedstring=1054027618&trxid=0030003321849115
2018-10-19T11:20:20+00:00 DEBUG mollie_wc_gateway_ideal: Mollie payment tr_KFJHAMENw6 (live) webhook call for order 1771.
2018-10-19T11:20:20+00:00 DEBUG mollie_wc_gateway_ideal: Order 1771 orderNeedsPayment check: yes, not processed by Mollie gateway.
2018-10-19T11:20:20+00:00 DEBUG Mollie_WC_Gateway_Abstract::onWebhookPaid called for order 1771
2018-10-19T11:20:20+00:00 DEBUG Mollie_WC_Gateway_Abstract::onWebhookPaid WooCommerce payment_complete() processed and returned to onWebHookPaid for order 1771
2018-10-19T11:20:20+00:00 DEBUG Mollie_WC_Gateway_Abstract::onWebhookPaid processing paid order via Mollie plugin fully completed for order 1771
2018-10-19T11:20:21+00:00 DEBUG Mollie_WC_Gateway_Abstract::getReturnRedirectUrlForOrder 1771: Determine what the redirect URL in WooCommerce should be.
2018-10-19T11:20:21+00:00 DEBUG Mollie_WC_Plugin::onMollieReturn: Redirect url on return order mollie_wc_gateway_ideal, order 1771: https://wattcycling.nl/amersfoort/afrekenen/bestelling-ontvangen/1771/?key=wc_order_5bc9a1bb89218&utm_nooverride=1
2018-10-19T12:55:15+00:00 DEBUG isAvailableMethodInCheckout: Could not check availability of Mollie payment methods (live): Error executing API call (400: Bad Request): The amount is lower than the minimum. Field: amount. Documentation: https://docs.mollie.com/guides/handling-errors (Mollie\Api\Exceptions\ApiException)
2018-10-19T12:58:07+00:00 DEBUG isAvailableMethodInCheckout: Could not check availability of Mollie payment methods (live): Error executing API call (400: Bad Request): The amount is lower than the minimum. Field: amount. Documentation: https://docs.mollie.com/guides/handling-errors (Mollie\Api\Exceptions\ApiException)
2018-10-19T20:56:49+00:00 DEBUG mollie_wc_gateway_ideal: Start process_payment for order 1774
2018-10-19T20:56:49+00:00 DEBUG mollie_wc_gateway_ideal: Order 1774 webhookUrl: https://wattcycling.nl/amersfoort/wc-api/mollie_wc_gateway_ideal/?order_id=1774&key=wc_order_5bca28f1b4ecf
2018-10-19T20:56:49+00:00 DEBUG mollie_wc_gateway_ideal: Create payment for order 1774
2018-10-19T20:56:50+00:00 DEBUG mollie_wc_gateway_ideal: Payment tr_KUeNMePqq9 (live) created for order 1774
2018-10-19T20:56:50+00:00 DEBUG For order 1774 redirect user to Mollie Checkout URL: https://bankieren.ideal.ing.nl/ideal/betalen/inlog-annuleren/static/detect_mob?trxid=0030003323721627&random=z4642c3de9a9603d
2018-10-19T20:57:10+00:00 DEBUG mollie_wc_gateway_ideal: Mollie payment tr_KUeNMePqq9 (live) webhook call for order 1774.
2018-10-19T20:57:10+00:00 DEBUG mollie_wc_gateway_ideal: Order 1774 orderNeedsPayment check: yes, not processed by Mollie gateway.
2018-10-19T20:57:10+00:00 DEBUG Mollie_WC_Gateway_Abstract::onWebhookPaid called for order 1774
2018-10-19T20:57:11+00:00 DEBUG Mollie_WC_Gateway_Abstract::onWebhookPaid WooCommerce payment_complete() processed and returned to onWebHookPaid for order 1774
2018-10-19T20:57:11+00:00 DEBUG Mollie_WC_Gateway_Abstract::onWebhookPaid processing paid order via Mollie plugin fully completed for order 1774
2018-10-19T20:57:11+00:00 DEBUG Mollie_WC_Gateway_Abstract::getReturnRedirectUrlForOrder 1774: Determine what the redirect URL in WooCommerce should be.
2018-10-19T20:57:11+00:00 DEBUG Mollie_WC_Plugin::onMollieReturn: Redirect url on return order mollie_wc_gateway_ideal, order 1774: https://wattcycling.nl/amersfoort/afrekenen/bestelling-ontvangen/1774/?key=wc_order_5bca28f1b4ecf&utm_nooverride=1
